# JRE version: OpenJDK Runtime Environment (11.0.12+7) (build 11.0.12+7-b1504.28-7817840)
# Java VM: OpenJDK 64-Bit Server VM (11.0.12+7-b1504.28-7817840, mixed mode, tiered, compressed oops, g1 gc, windows-amd64)
Heap:
 garbage-first heap   total 245760K, used 39597K [0x0000000082400000, 0x0000000100000000)
  region size 1024K, 10 young (10240K), 2 survivors (2048K)
 Metaspace       used 40935K, capacity 41529K, committed 41680K, reserved 1085440K
  class space    used 4891K, capacity 5148K, committed 5248K, reserved 1048576K
GC Heap History (14 events):
Event: 1.321 GC heap before
{Heap before GC invocations=0 (full 0):
 garbage-first heap   total 129024K, used 27648K [0x0000000082400000, 0x0000000100000000)
  region size 1024K, 24 young (24576K), 0 survivors (0K)
 Metaspace       used 12357K, capacity 12504K, committed 12800K, reserved 1060864K
  class space    used 1165K, capacity 1207K, committed 1280K, reserved 1048576K
}
Event: 1.329 GC heap after
{Heap after GC invocations=1 (full 0):
 garbage-first heap   total 129024K, used 5835K [0x0000000082400000, 0x0000000100000000)
  region size 1024K, 3 young (3072K), 3 survivors (3072K)
 Metaspace       used 12357K, capacity 12504K, committed 12800K, reserved 1060864K
  class space    used 1165K, capacity 1207K, committed 1280K, reserved 1048576K
}
Event: 2.606 GC heap before
{Heap before GC invocations=1 (full 0):
 garbage-first heap   total 129024K, used 41675K [0x0000000082400000, 0x0000000100000000)
  region size 1024K, 39 young (39936K), 3 survivors (3072K)
 Metaspace       used 20854K, capacity 21107K, committed 21296K, reserved 1069056K
  class space    used 2220K, capacity 2315K, committed 2432K, reserved 1048576K
}
Event: 2.618 GC heap after
{Heap after GC invocations=2 (full 0):
 garbage-first heap   total 129024K, used 9431K [0x0000000082400000, 0x0000000100000000)
  region size 1024K, 7 young (7168K), 7 survivors (7168K)
 Metaspace       used 20854K, capacity 21107K, committed 21296K, reserved 1069056K
  class space    used 2220K, capacity 2315K, committed 2432K, reserved 1048576K
}
Event: 5.682 GC heap before
{Heap before GC invocations=3 (full 0):
 garbage-first heap   total 129024K, used 78039K [0x0000000082400000, 0x0000000100000000)
  region size 1024K, 55 young (56320K), 7 survivors (7168K)
 Metaspace       used 30927K, capacity 31469K, committed 31536K, reserved 1077248K
  class space    used 3690K, capacity 3914K, committed 3968K, reserved 1048576K
}
Event: 6.069 GC heap after
{Heap after GC invocations=4 (full 0):
 garbage-first heap   total 129024K, used 23550K [0x0000000082400000, 0x0000000100000000)
  region size 1024K, 7 young (7168K), 7 survivors (7168K)
 Metaspace       used 30927K, capacity 31469K, committed 31536K, reserved 1077248K
  class space    used 3690K, capacity 3914K, committed 3968K, reserved 1048576K
}
Event: 6.399 GC heap before
{Heap before GC invocations=4 (full 0):
 garbage-first heap   total 129024K, used 47102K [0x0000000082400000, 0x0000000100000000)
  region size 1024K, 29 young (29696K), 7 survivors (7168K)
 Metaspace       used 31062K, capacity 31606K, committed 31792K, reserved 1077248K
  class space    used 3695K, capacity 3916K, committed 3968K, reserved 1048576K
}
Event: 6.444 GC heap after
{Heap after GC invocations=5 (full 0):
 garbage-first heap   total 129024K, used 25600K [0x0000000082400000, 0x0000000100000000)
  region size 1024K, 4 young (4096K), 4 survivors (4096K)
 Metaspace       used 31062K, capacity 31606K, committed 31792K, reserved 1077248K
  class space    used 3695K, capacity 3916K, committed 3968K, reserved 1048576K
}
Event: 7.671 GC heap before
{Heap before GC invocations=5 (full 0):
 garbage-first heap   total 129024K, used 55296K [0x0000000082400000, 0x0000000100000000)
  region size 1024K, 34 young (34816K), 4 survivors (4096K)
 Metaspace       used 35260K, capacity 35789K, committed 35920K, reserved 1081344K
  class space    used 4358K, capacity 4561K, committed 4608K, reserved 1048576K
}
Event: 8.786 GC heap after
{Heap after GC invocations=6 (full 0):
 garbage-first heap   total 245760K, used 28169K [0x0000000082400000, 0x0000000100000000)
  region size 1024K, 4 young (4096K), 4 survivors (4096K)
 Metaspace       used 35260K, capacity 35789K, committed 35920K, reserved 1081344K
  class space    used 4358K, capacity 4561K, committed 4608K, reserved 1048576K
}
Event: 9.165 GC heap before
{Heap before GC invocations=7 (full 0):
 garbage-first heap   total 245760K, used 46601K [0x0000000082400000, 0x0000000100000000)
  region size 1024K, 12 young (12288K), 4 survivors (4096K)
 Metaspace       used 36078K, capacity 36664K, committed 36816K, reserved 1081344K
  class space    used 4444K, capacity 4661K, committed 4736K, reserved 1048576K
}
Event: 9.175 GC heap after
{Heap after GC invocations=8 (full 0):
 garbage-first heap   total 245760K, used 36550K [0x0000000082400000, 0x0000000100000000)
  region size 1024K, 2 young (2048K), 2 survivors (2048K)
 Metaspace       used 36078K, capacity 36664K, committed 36816K, reserved 1081344K
  class space    used 4444K, capacity 4661K, committed 4736K, reserved 1048576K
}
Event: 9.633 GC heap before
{Heap before GC invocations=8 (full 0):
 garbage-first heap   total 245760K, used 46790K [0x0000000082400000, 0x0000000100000000)
  region size 1024K, 12 young (12288K), 2 survivors (2048K)
 Metaspace       used 37634K, capacity 38257K, committed 38480K, reserved 1083392K
  class space    used 4614K, capacity 4827K, committed 4864K, reserved 1048576K
}
Event: 9.638 GC heap after
{Heap after GC invocations=9 (full 0):
 garbage-first heap   total 245760K, used 32493K [0x0000000082400000, 0x0000000100000000)
  region size 1024K, 2 young (2048K), 2 survivors (2048K)
 Metaspace       used 37634K, capacity 38257K, committed 38480K, reserved 1083392K
  class space    used 4614K, capacity 4827K, committed 4864K, reserved 1048576K
}

