# JRE version: OpenJDK Runtime Environment (11.0.12+7) (build 11.0.12+7-b1504.28-7817840)
# Java VM: OpenJDK 64-Bit Server VM (11.0.12+7-b1504.28-7817840, mixed mode, tiered, compressed oops, g1 gc, windows-amd64)
Heap:
 garbage-first heap   total 927744K, used 163003K [0x0000000080000000, 0x0000000100000000)
  region size 1024K, 2 young (2048K), 2 survivors (2048K)
 Metaspace       used 84755K, capacity 87658K, committed 87756K, reserved 591872K
  class space    used 10975K, capacity 12032K, committed 12032K, reserved 516096K
GC Heap History (20 events):
Event: 44.712 GC heap after
{Heap after GC invocations=41 (full 0):
 garbage-first heap   total 129024K, used 109022K [0x0000000080000000, 0x0000000100000000)
  region size 1024K, 1 young (1024K), 1 survivors (1024K)
 Metaspace       used 82970K, capacity 85769K, committed 85836K, reserved 591872K
  class space    used 10807K, capacity 11843K, committed 11904K, reserved 516096K
}
Event: 44.954 GC heap before
{Heap before GC invocations=41 (full 0):
 garbage-first heap   total 129024K, used 114142K [0x0000000080000000, 0x0000000100000000)
  region size 1024K, 6 young (6144K), 1 survivors (1024K)
 Metaspace       used 83192K, capacity 85979K, committed 86092K, reserved 591872K
  class space    used 10811K, capacity 11846K, committed 11904K, reserved 516096K
}
Event: 44.959 GC heap after
{Heap after GC invocations=42 (full 0):
 garbage-first heap   total 129024K, used 109182K [0x0000000080000000, 0x0000000100000000)
  region size 1024K, 1 young (1024K), 1 survivors (1024K)
 Metaspace       used 83192K, capacity 85979K, committed 86092K, reserved 591872K
  class space    used 10811K, capacity 11846K, committed 11904K, reserved 516096K
}
Event: 45.145 GC heap before
{Heap before GC invocations=43 (full 0):
 garbage-first heap   total 129024K, used 114302K [0x0000000080000000, 0x0000000100000000)
  region size 1024K, 6 young (6144K), 1 survivors (1024K)
 Metaspace       used 83561K, capacity 86373K, committed 86732K, reserved 591872K
  class space    used 10853K, capacity 11914K, committed 12032K, reserved 516096K
}
Event: 45.182 GC heap after
{Heap after GC invocations=44 (full 0):
 garbage-first heap   total 161792K, used 110510K [0x0000000080000000, 0x0000000100000000)
  region size 1024K, 1 young (1024K), 1 survivors (1024K)
 Metaspace       used 83561K, capacity 86373K, committed 86732K, reserved 591872K
  class space    used 10853K, capacity 11914K, committed 12032K, reserved 516096K
}
Event: 45.238 GC heap before
{Heap before GC invocations=44 (full 0):
 garbage-first heap   total 161792K, used 112558K [0x0000000080000000, 0x0000000100000000)
  region size 1024K, 4 young (4096K), 1 survivors (1024K)
 Metaspace       used 83669K, capacity 86479K, committed 86732K, reserved 591872K
  class space    used 10868K, capacity 11928K, committed 12032K, reserved 516096K
}
Event: 45.243 GC heap after
{Heap after GC invocations=45 (full 0):
 garbage-first heap   total 161792K, used 110859K [0x0000000080000000, 0x0000000100000000)
  region size 1024K, 2 young (2048K), 2 survivors (2048K)
 Metaspace       used 83669K, capacity 86479K, committed 86732K, reserved 591872K
  class space    used 10868K, capacity 11928K, committed 12032K, reserved 516096K
}
Event: 45.360 GC heap before
{Heap before GC invocations=45 (full 0):
 garbage-first heap   total 161792K, used 128267K [0x0000000080000000, 0x0000000100000000)
  region size 1024K, 15 young (15360K), 2 survivors (2048K)
 Metaspace       used 83672K, capacity 86479K, committed 86732K, reserved 591872K
  class space    used 10868K, capacity 11928K, committed 12032K, reserved 516096K
}
Event: 45.372 GC heap after
{Heap after GC invocations=46 (full 0):
 garbage-first heap   total 161792K, used 120479K [0x0000000080000000, 0x0000000100000000)
  region size 1024K, 2 young (2048K), 2 survivors (2048K)
 Metaspace       used 83672K, capacity 86479K, committed 86732K, reserved 591872K
  class space    used 10868K, capacity 11928K, committed 12032K, reserved 516096K
}
Event: 45.441 GC heap before
{Heap before GC invocations=46 (full 0):
 garbage-first heap   total 161792K, used 125599K [0x0000000080000000, 0x0000000100000000)
  region size 1024K, 12 young (12288K), 2 survivors (2048K)
 Metaspace       used 83672K, capacity 86479K, committed 86732K, reserved 591872K
  class space    used 10868K, capacity 11928K, committed 12032K, reserved 516096K
}
Event: 45.455 GC heap after
{Heap after GC invocations=47 (full 0):
 garbage-first heap   total 161792K, used 120920K [0x0000000080000000, 0x0000000100000000)
  region size 1024K, 2 young (2048K), 2 survivors (2048K)
 Metaspace       used 83672K, capacity 86479K, committed 86732K, reserved 591872K
  class space    used 10868K, capacity 11928K, committed 12032K, reserved 516096K
}
Event: 45.534 GC heap before
{Heap before GC invocations=48 (full 0):
 garbage-first heap   total 161792K, used 131160K [0x0000000080000000, 0x0000000100000000)
  region size 1024K, 12 young (12288K), 2 survivors (2048K)
 Metaspace       used 83672K, capacity 86479K, committed 86732K, reserved 591872K
  class space    used 10868K, capacity 11928K, committed 12032K, reserved 516096K
}
Event: 45.672 GC heap after
{Heap after GC invocations=49 (full 0):
 garbage-first heap   total 323584K, used 125380K [0x0000000080000000, 0x0000000100000000)
  region size 1024K, 2 young (2048K), 2 survivors (2048K)
 Metaspace       used 83672K, capacity 86479K, committed 86732K, reserved 591872K
  class space    used 10868K, capacity 11928K, committed 12032K, reserved 516096K
}
Event: 45.758 GC heap before
{Heap before GC invocations=49 (full 0):
 garbage-first heap   total 323584K, used 140740K [0x0000000080000000, 0x0000000100000000)
  region size 1024K, 15 young (15360K), 2 survivors (2048K)
 Metaspace       used 83672K, capacity 86479K, committed 86732K, reserved 591872K
  class space    used 10868K, capacity 11928K, committed 12032K, reserved 516096K
}
Event: 45.775 GC heap after
{Heap after GC invocations=50 (full 0):
 garbage-first heap   total 323584K, used 133589K [0x0000000080000000, 0x0000000100000000)
  region size 1024K, 2 young (2048K), 2 survivors (2048K)
 Metaspace       used 83672K, capacity 86479K, committed 86732K, reserved 591872K
  class space    used 10868K, capacity 11928K, committed 12032K, reserved 516096K
}
Event: 46.176 GC heap before
{Heap before GC invocations=50 (full 0):
 garbage-first heap   total 323584K, used 187861K [0x0000000080000000, 0x0000000100000000)
  region size 1024K, 55 young (56320K), 2 survivors (2048K)
 Metaspace       used 83699K, capacity 86480K, committed 86732K, reserved 591872K
  class space    used 10869K, capacity 11928K, committed 12032K, reserved 516096K
}
Event: 46.204 GC heap after
{Heap after GC invocations=51 (full 0):
 garbage-first heap   total 323584K, used 146694K [0x0000000080000000, 0x0000000100000000)
  region size 1024K, 7 young (7168K), 7 survivors (7168K)
 Metaspace       used 83699K, capacity 86480K, committed 86732K, reserved 591872K
  class space    used 10869K, capacity 11928K, committed 12032K, reserved 516096K
}
Event: 47.836 GC heap before
{Heap before GC invocations=51 (full 0):
 garbage-first heap   total 323584K, used 201990K [0x0000000080000000, 0x0000000100000000)
  region size 1024K, 60 young (61440K), 7 survivors (7168K)
 Metaspace       used 84706K, capacity 87570K, committed 87756K, reserved 591872K
  class space    used 10967K, capacity 12024K, committed 12032K, reserved 516096K
}
Event: 47.863 GC heap after
{Heap after GC invocations=52 (full 0):
 garbage-first heap   total 323584K, used 160768K [0x0000000080000000, 0x0000000100000000)
  region size 1024K, 8 young (8192K), 8 survivors (8192K)
 Metaspace       used 84706K, capacity 87570K, committed 87756K, reserved 591872K
  class space    used 10967K, capacity 12024K, committed 12032K, reserved 516096K
}
Event: 47.920 GC heap before
{Heap before GC invocations=52 (full 0):
 garbage-first heap   total 323584K, used 162816K [0x0000000080000000, 0x0000000100000000)
  region size 1024K, 12 young (12288K), 8 survivors (8192K)
 Metaspace       used 84755K, capacity 87658K, committed 87756K, reserved 591872K
  class space    used 10975K, capacity 12032K, committed 12032K, reserved 516096K
}

